
--------------------------------------------------
TXLib сообщает:

Программа: D:\Cpp\Raster_graphics_editor\Raster_graphics_editor.exe, файл: D:\TX\TxLib.h, строка: 13097, функция: bool {anonymous}::TX::txBitBlt(HDC, double, double, double, double, HDC, double, double, unsigned int),

Сообщение: Параметр "sourceImage" неверен. Возможно, этот холст не создан, или уже уничтожен, или не загрузилась картинка.

#1: TXLib [Ver: 00173a, Rev: 168, Date: 2020-08-13 00:46:05 +0400], Instance: 0x0044439C (32-bit), Flags: CMdRe0, Thread: 0x4440 (Main), GetLastError(): 13 (Недопустимые данные). 

--------------------------------------------------
Стек вызовов:

# 0 0x00416C2C in D:\Cpp\Raster_graphics_editor\Raster_graphics_editor.exe: (anonymous namespace)::TX::txBitBlt()
# 1 0x00422A3F in D:\Cpp\Raster_graphics_editor\Raster_graphics_editor.exe: ClTextureToolRectButton::Draw()
# 2 0x004220FD in D:\Cpp\Raster_graphics_editor\Raster_graphics_editor.exe: ClApplication::Draw_All()
# 3 0x00421C20 in D:\Cpp\Raster_graphics_editor\Raster_graphics_editor.exe: ClApplication::Start_Program()
# 4 0x0041D0D2 in D:\Cpp\Raster_graphics_editor\Raster_graphics_editor.exe: main()

--------------------------------------------------
Developed with:

The Dumb Artist Library (TX Library)
TXLib [Ver: 00173a, Rev: 168, Date: 2020-08-13 00:46:05 +0400]
Copyright (C) Ded (Ilya Dedinsky, http://txlib.ru) <mail@txlib.ru>
See license on: http://txlib.ru

TXLib file:	D:\TX\TxLib.h
Compiled:	Dec 12 2020 01:17:03, GNU g++ 4.8.5, std=201103L, MinGW Runtime 3.11, 32-bit, Debug
Started:	Dec 12 2020 01:17:06

Run file:	D:\Cpp\Raster_graphics_editor\Raster_graphics_editor.exe
Directory:	D:\Cpp\Raster_graphics_editor

--------------------------------------------------

--------------------------------------------------
TXLib предупреждает:

Программа: D:\Cpp\Raster_graphics_editor\Raster_graphics_editor.exe,

ВНЕЗАПНО: Нарушение доступа к памяти.

#1: Исключение EXCEPTION_ACCESS_VIOLATION (0xC0000005) при выполнении кода по адресу 0x0041CEA8 в функции main(). Попытка прочесть данные по адресу NULL. Спасибо _txVectoredExceptionHandler(), что сообщил. Люблю его <3

#1: TXLib [Ver: 00173a, Rev: 168, Date: 2020-08-13 00:46:05 +0400], Instance: 0x0044439C (32-bit), Flags: CMdRe0, Thread: 0x1F8C (Main). 

--------------------------------------------------
Стек вызовов:

# 0 0x0041CEA8 in D:\Cpp\Raster_graphics_editor\Raster_graphics_editor.exe: main()

--------------------------------------------------
Developed with:

The Dumb Artist Library (TX Library)
TXLib [Ver: 00173a, Rev: 168, Date: 2020-08-13 00:46:05 +0400]
Copyright (C) Ded (Ilya Dedinsky, http://txlib.ru) <mail@txlib.ru>
See license on: http://txlib.ru

TXLib file:	D:\TX\TxLib.h
Compiled:	Dec 12 2020 12:26:43, GNU g++ 4.8.5, std=201103L, MinGW Runtime 3.11, 32-bit, Debug
Started:	Dec 12 2020 12:26:47

Run file:	D:\Cpp\Raster_graphics_editor\Raster_graphics_editor.exe
Directory:	D:\Cpp\Raster_graphics_editor

--------------------------------------------------

--------------------------------------------------
TXLib соболезнует...

Программа: D:\Cpp\Raster_graphics_editor\Raster_graphics_editor.exe,

ВНЕЗАПНО: signal (11, 0x00): SIGSEGV: Доступ по неверному указателю. Ставьте ассерты! 

Нарушение доступа к памяти.

#1: Исключение EXCEPTION_ACCESS_VIOLATION (0xC0000005) при выполнении кода по адресу 0x0041CEA8 в функции main(). Попытка прочесть данные по адресу NULL. Спасибо _txVectoredExceptionHandler(), что сообщил. Люблю его <3

С помощью функции signal() вы можете сами обработать эту ошибку.

#2: TXLib [Ver: 00173a, Rev: 168, Date: 2020-08-13 00:46:05 +0400], Instance: 0x0044439C (32-bit), Flags: CMdRe0, Thread: 0x1F8C (Main). 

--------------------------------------------------
Стек вызовов:

# 0 0x0041CEA8 in D:\Cpp\Raster_graphics_editor\Raster_graphics_editor.exe: main()

--------------------------------------------------
Developed with:

The Dumb Artist Library (TX Library)
TXLib [Ver: 00173a, Rev: 168, Date: 2020-08-13 00:46:05 +0400]
Copyright (C) Ded (Ilya Dedinsky, http://txlib.ru) <mail@txlib.ru>
See license on: http://txlib.ru

TXLib file:	D:\TX\TxLib.h
Compiled:	Dec 12 2020 12:26:43, GNU g++ 4.8.5, std=201103L, MinGW Runtime 3.11, 32-bit, Debug
Started:	Dec 12 2020 12:26:47

Run file:	D:\Cpp\Raster_graphics_editor\Raster_graphics_editor.exe
Directory:	D:\Cpp\Raster_graphics_editor

--------------------------------------------------

--------------------------------------------------
TXLib предупреждает:

Программа: D:\Cpp\Raster_graphics_editor\Raster_graphics_editor.exe,

ВНЕЗАПНО: Нарушение доступа к памяти.

#1: Исключение EXCEPTION_ACCESS_VIOLATION (0xC0000005) при выполнении кода по адресу 0x0041CEA8 в функции main(). Попытка прочесть данные по адресу NULL. Спасибо _txVectoredExceptionHandler(), что сообщил. Люблю его <3

#1: TXLib [Ver: 00173a, Rev: 168, Date: 2020-08-13 00:46:05 +0400], Instance: 0x0044439C (32-bit), Flags: CMdRe0, Thread: 0x36E0 (Main). 

--------------------------------------------------
Стек вызовов:

# 0 0x0041CEA8 in D:\Cpp\Raster_graphics_editor\Raster_graphics_editor.exe: main()

--------------------------------------------------
Developed with:

The Dumb Artist Library (TX Library)
TXLib [Ver: 00173a, Rev: 168, Date: 2020-08-13 00:46:05 +0400]
Copyright (C) Ded (Ilya Dedinsky, http://txlib.ru) <mail@txlib.ru>
See license on: http://txlib.ru

TXLib file:	D:\TX\TxLib.h
Compiled:	Dec 12 2020 12:28:38, GNU g++ 4.8.5, std=201103L, MinGW Runtime 3.11, 32-bit, Debug
Started:	Dec 12 2020 12:28:42

Run file:	D:\Cpp\Raster_graphics_editor\Raster_graphics_editor.exe
Directory:	D:\Cpp\Raster_graphics_editor

--------------------------------------------------

--------------------------------------------------
TXLib соболезнует...

Программа: D:\Cpp\Raster_graphics_editor\Raster_graphics_editor.exe,

ВНЕЗАПНО: signal (11, 0x00): SIGSEGV: Доступ по неверному указателю. Ставьте ассерты! 

Нарушение доступа к памяти.

#1: Исключение EXCEPTION_ACCESS_VIOLATION (0xC0000005) при выполнении кода по адресу 0x0041CEA8 в функции main(). Попытка прочесть данные по адресу NULL. Спасибо _txVectoredExceptionHandler(), что сообщил. Люблю его <3

С помощью функции signal() вы можете сами обработать эту ошибку.

#2: TXLib [Ver: 00173a, Rev: 168, Date: 2020-08-13 00:46:05 +0400], Instance: 0x0044439C (32-bit), Flags: CMdRe0, Thread: 0x36E0 (Main). 

--------------------------------------------------
Стек вызовов:

# 0 0x0041CEA8 in D:\Cpp\Raster_graphics_editor\Raster_graphics_editor.exe: main()

--------------------------------------------------
Developed with:

The Dumb Artist Library (TX Library)
TXLib [Ver: 00173a, Rev: 168, Date: 2020-08-13 00:46:05 +0400]
Copyright (C) Ded (Ilya Dedinsky, http://txlib.ru) <mail@txlib.ru>
See license on: http://txlib.ru

TXLib file:	D:\TX\TxLib.h
Compiled:	Dec 12 2020 12:28:38, GNU g++ 4.8.5, std=201103L, MinGW Runtime 3.11, 32-bit, Debug
Started:	Dec 12 2020 12:28:42

Run file:	D:\Cpp\Raster_graphics_editor\Raster_graphics_editor.exe
Directory:	D:\Cpp\Raster_graphics_editor

--------------------------------------------------

--------------------------------------------------
TXLib предупреждает:

Программа: D:\Cpp\Raster_graphics_editor\Raster_graphics_editor.exe,

ВНЕЗАПНО: Нарушение доступа к памяти.

#1: Исключение EXCEPTION_ACCESS_VIOLATION (0xC0000005) при выполнении кода по адресу 0x00421F98 в функции ClApplication::Start_Program(). Попытка прочесть данные по адресу NULL. Спасибо _txVectoredExceptionHandler(), что сообщил. Люблю его <3

#1: TXLib [Ver: 00173a, Rev: 168, Date: 2020-08-13 00:46:05 +0400], Instance: 0x0044439C (32-bit), Flags: CMdRe0, Thread: 0x1848 (Main). 

--------------------------------------------------
Стек вызовов:

# 0 0x00421F98 in D:\Cpp\Raster_graphics_editor\Raster_graphics_editor.exe: ClApplication::Start_Program()
# 1 0x0041D0CD in D:\Cpp\Raster_graphics_editor\Raster_graphics_editor.exe: main()

--------------------------------------------------
Developed with:

The Dumb Artist Library (TX Library)
TXLib [Ver: 00173a, Rev: 168, Date: 2020-08-13 00:46:05 +0400]
Copyright (C) Ded (Ilya Dedinsky, http://txlib.ru) <mail@txlib.ru>
See license on: http://txlib.ru

TXLib file:	D:\TX\TxLib.h
Compiled:	Dec 12 2020 12:30:25, GNU g++ 4.8.5, std=201103L, MinGW Runtime 3.11, 32-bit, Debug
Started:	Dec 12 2020 12:30:28

Run file:	D:\Cpp\Raster_graphics_editor\Raster_graphics_editor.exe
Directory:	D:\Cpp\Raster_graphics_editor

--------------------------------------------------

--------------------------------------------------
TXLib соболезнует...

Программа: D:\Cpp\Raster_graphics_editor\Raster_graphics_editor.exe,

ВНЕЗАПНО: signal (11, 0x00): SIGSEGV: Доступ по неверному указателю. Ставьте ассерты! 

Нарушение доступа к памяти.

#1: Исключение EXCEPTION_ACCESS_VIOLATION (0xC0000005) при выполнении кода по адресу 0x00421F98 в функции ClApplication::Start_Program(). Попытка прочесть данные по адресу NULL. Спасибо _txVectoredExceptionHandler(), что сообщил. Люблю его <3

С помощью функции signal() вы можете сами обработать эту ошибку.

#2: TXLib [Ver: 00173a, Rev: 168, Date: 2020-08-13 00:46:05 +0400], Instance: 0x0044439C (32-bit), Flags: CMdRe0, Thread: 0x1848 (Main). 

--------------------------------------------------
Стек вызовов:

# 0 0x00421F98 in D:\Cpp\Raster_graphics_editor\Raster_graphics_editor.exe: ClApplication::Start_Program()
# 1 0x0041D0CD in D:\Cpp\Raster_graphics_editor\Raster_graphics_editor.exe: main()

--------------------------------------------------
Developed with:

The Dumb Artist Library (TX Library)
TXLib [Ver: 00173a, Rev: 168, Date: 2020-08-13 00:46:05 +0400]
Copyright (C) Ded (Ilya Dedinsky, http://txlib.ru) <mail@txlib.ru>
See license on: http://txlib.ru

TXLib file:	D:\TX\TxLib.h
Compiled:	Dec 12 2020 12:30:25, GNU g++ 4.8.5, std=201103L, MinGW Runtime 3.11, 32-bit, Debug
Started:	Dec 12 2020 12:30:28

Run file:	D:\Cpp\Raster_graphics_editor\Raster_graphics_editor.exe
Directory:	D:\Cpp\Raster_graphics_editor

--------------------------------------------------

--------------------------------------------------
TXLib предупреждает:

Программа: D:\Cpp\Raster_graphics_editor\Raster_graphics_editor.exe,

ВНЕЗАПНО: Нарушение доступа к памяти.

#1: Исключение EXCEPTION_ACCESS_VIOLATION (0xC0000005) при выполнении кода по адресу 0x454C4946. Попытка прочесть данные по адресу 0x454C4946. Спасибо _txVectoredExceptionHandler(), что сообщил. Люблю его <3

#1: TXLib [Ver: 00173a, Rev: 168, Date: 2020-08-13 00:46:05 +0400], Instance: 0x0044439C (32-bit), Flags: CMdRe0, Thread: 0xE50 (Main). 

--------------------------------------------------
Стек вызовов:

# 2 0x004223F5 in D:\Cpp\Raster_graphics_editor\Raster_graphics_editor.exe: ClDrawingFrame::MouseClick()
# 3 0x00421E9C in D:\Cpp\Raster_graphics_editor\Raster_graphics_editor.exe: ClApplication::Start_Program()
# 4 0x0041D0EE in D:\Cpp\Raster_graphics_editor\Raster_graphics_editor.exe: main()

--------------------------------------------------
Developed with:

The Dumb Artist Library (TX Library)
TXLib [Ver: 00173a, Rev: 168, Date: 2020-08-13 00:46:05 +0400]
Copyright (C) Ded (Ilya Dedinsky, http://txlib.ru) <mail@txlib.ru>
See license on: http://txlib.ru

TXLib file:	D:\TX\TxLib.h
Compiled:	Dec 12 2020 12:42:44, GNU g++ 4.8.5, std=201103L, MinGW Runtime 3.11, 32-bit, Debug
Started:	Dec 12 2020 12:42:47

Run file:	D:\Cpp\Raster_graphics_editor\Raster_graphics_editor.exe
Directory:	D:\Cpp\Raster_graphics_editor

--------------------------------------------------

--------------------------------------------------
TXLib соболезнует...

Программа: D:\Cpp\Raster_graphics_editor\Raster_graphics_editor.exe,

ВНЕЗАПНО: signal (11, 0x00): SIGSEGV: Доступ по неверному указателю. Ставьте ассерты! 

Нарушение доступа к памяти.

#1: Исключение EXCEPTION_ACCESS_VIOLATION (0xC0000005) при выполнении кода по адресу 0x454C4946. Попытка прочесть данные по адресу 0x454C4946. Спасибо _txVectoredExceptionHandler(), что сообщил. Люблю его <3

С помощью функции signal() вы можете сами обработать эту ошибку.

#2: TXLib [Ver: 00173a, Rev: 168, Date: 2020-08-13 00:46:05 +0400], Instance: 0x0044439C (32-bit), Flags: CMdRe0, Thread: 0xE50 (Main). 

--------------------------------------------------
Стек вызовов:

# 2 0x004223F5 in D:\Cpp\Raster_graphics_editor\Raster_graphics_editor.exe: ClDrawingFrame::MouseClick()
# 3 0x00421E9C in D:\Cpp\Raster_graphics_editor\Raster_graphics_editor.exe: ClApplication::Start_Program()
# 4 0x0041D0EE in D:\Cpp\Raster_graphics_editor\Raster_graphics_editor.exe: main()

--------------------------------------------------
Developed with:

The Dumb Artist Library (TX Library)
TXLib [Ver: 00173a, Rev: 168, Date: 2020-08-13 00:46:05 +0400]
Copyright (C) Ded (Ilya Dedinsky, http://txlib.ru) <mail@txlib.ru>
See license on: http://txlib.ru

TXLib file:	D:\TX\TxLib.h
Compiled:	Dec 12 2020 12:42:44, GNU g++ 4.8.5, std=201103L, MinGW Runtime 3.11, 32-bit, Debug
Started:	Dec 12 2020 12:42:47

Run file:	D:\Cpp\Raster_graphics_editor\Raster_graphics_editor.exe
Directory:	D:\Cpp\Raster_graphics_editor

--------------------------------------------------

--------------------------------------------------
TXLib предупреждает:

Программа: D:\Cpp\Raster_graphics_editor\Raster_graphics_editor.exe,

ВНЕЗАПНО: Нарушение доступа к памяти.

#1: Исключение EXCEPTION_ACCESS_VIOLATION (0xC0000005) при выполнении кода по адресу 0x74696465. Попытка прочесть данные по адресу 0x74696465. Спасибо _txVectoredExceptionHandler(), что сообщил. Люблю его <3

#1: TXLib [Ver: 00173a, Rev: 168, Date: 2020-08-13 00:46:05 +0400], Instance: 0x0044439C (32-bit), Flags: CMdRe0, Thread: 0x37BC (Main). 

--------------------------------------------------
Стек вызовов:

# 2 0x0041D0EE in D:\Cpp\Raster_graphics_editor\Raster_graphics_editor.exe: main()

--------------------------------------------------
Developed with:

The Dumb Artist Library (TX Library)
TXLib [Ver: 00173a, Rev: 168, Date: 2020-08-13 00:46:05 +0400]
Copyright (C) Ded (Ilya Dedinsky, http://txlib.ru) <mail@txlib.ru>
See license on: http://txlib.ru

TXLib file:	D:\TX\TxLib.h
Compiled:	Dec 12 2020 12:43:08, GNU g++ 4.8.5, std=201103L, MinGW Runtime 3.11, 32-bit, Debug
Started:	Dec 12 2020 12:43:11

Run file:	D:\Cpp\Raster_graphics_editor\Raster_graphics_editor.exe
Directory:	D:\Cpp\Raster_graphics_editor

--------------------------------------------------

--------------------------------------------------
TXLib соболезнует...

Программа: D:\Cpp\Raster_graphics_editor\Raster_graphics_editor.exe,

ВНЕЗАПНО: signal (11, 0x00): SIGSEGV: Доступ по неверному указателю. Ставьте ассерты! 

Нарушение доступа к памяти.

#1: Исключение EXCEPTION_ACCESS_VIOLATION (0xC0000005) при выполнении кода по адресу 0x74696465. Попытка прочесть данные по адресу 0x74696465. Спасибо _txVectoredExceptionHandler(), что сообщил. Люблю его <3

С помощью функции signal() вы можете сами обработать эту ошибку.

#2: TXLib [Ver: 00173a, Rev: 168, Date: 2020-08-13 00:46:05 +0400], Instance: 0x0044439C (32-bit), Flags: CMdRe0, Thread: 0x37BC (Main). 

--------------------------------------------------
Стек вызовов:

# 2 0x0041D0EE in D:\Cpp\Raster_graphics_editor\Raster_graphics_editor.exe: main()

--------------------------------------------------
Developed with:

The Dumb Artist Library (TX Library)
TXLib [Ver: 00173a, Rev: 168, Date: 2020-08-13 00:46:05 +0400]
Copyright (C) Ded (Ilya Dedinsky, http://txlib.ru) <mail@txlib.ru>
See license on: http://txlib.ru

TXLib file:	D:\TX\TxLib.h
Compiled:	Dec 12 2020 12:43:08, GNU g++ 4.8.5, std=201103L, MinGW Runtime 3.11, 32-bit, Debug
Started:	Dec 12 2020 12:43:11

Run file:	D:\Cpp\Raster_graphics_editor\Raster_graphics_editor.exe
Directory:	D:\Cpp\Raster_graphics_editor

--------------------------------------------------

--------------------------------------------------
TXLib предупреждает:

Программа: D:\Cpp\Raster_graphics_editor\Raster_graphics_editor.exe,

ВНЕЗАПНО: Нарушение доступа к памяти.

#1: Исключение EXCEPTION_ACCESS_VIOLATION (0xC0000005) при выполнении кода по адресу 0x454C4946. Попытка прочесть данные по адресу 0x454C4946. Спасибо _txVectoredExceptionHandler(), что сообщил. Люблю его <3

#1: TXLib [Ver: 00173a, Rev: 168, Date: 2020-08-13 00:46:05 +0400], Instance: 0x0044439C (32-bit), Flags: CMdRe0, Thread: 0x2278 (Main). 

--------------------------------------------------
Стек вызовов:

# 2 0x004223F5 in D:\Cpp\Raster_graphics_editor\Raster_graphics_editor.exe: ClDrawingFrame::MouseClick()
# 3 0x00421E9C in D:\Cpp\Raster_graphics_editor\Raster_graphics_editor.exe: ClApplication::Start_Program()
# 4 0x0041D0EE in D:\Cpp\Raster_graphics_editor\Raster_graphics_editor.exe: main()

--------------------------------------------------
Developed with:

The Dumb Artist Library (TX Library)
TXLib [Ver: 00173a, Rev: 168, Date: 2020-08-13 00:46:05 +0400]
Copyright (C) Ded (Ilya Dedinsky, http://txlib.ru) <mail@txlib.ru>
See license on: http://txlib.ru

TXLib file:	D:\TX\TxLib.h
Compiled:	Dec 12 2020 12:43:18, GNU g++ 4.8.5, std=201103L, MinGW Runtime 3.11, 32-bit, Debug
Started:	Dec 12 2020 12:43:22

Run file:	D:\Cpp\Raster_graphics_editor\Raster_graphics_editor.exe
Directory:	D:\Cpp\Raster_graphics_editor

--------------------------------------------------

--------------------------------------------------
TXLib соболезнует...

Программа: D:\Cpp\Raster_graphics_editor\Raster_graphics_editor.exe,

ВНЕЗАПНО: signal (11, 0x00): SIGSEGV: Доступ по неверному указателю. Ставьте ассерты! 

Нарушение доступа к памяти.

#1: Исключение EXCEPTION_ACCESS_VIOLATION (0xC0000005) при выполнении кода по адресу 0x454C4946. Попытка прочесть данные по адресу 0x454C4946. Спасибо _txVectoredExceptionHandler(), что сообщил. Люблю его <3

С помощью функции signal() вы можете сами обработать эту ошибку.

#2: TXLib [Ver: 00173a, Rev: 168, Date: 2020-08-13 00:46:05 +0400], Instance: 0x0044439C (32-bit), Flags: CMdRe0, Thread: 0x2278 (Main). 

--------------------------------------------------
Стек вызовов:

# 2 0x004223F5 in D:\Cpp\Raster_graphics_editor\Raster_graphics_editor.exe: ClDrawingFrame::MouseClick()
# 3 0x00421E9C in D:\Cpp\Raster_graphics_editor\Raster_graphics_editor.exe: ClApplication::Start_Program()
# 4 0x0041D0EE in D:\Cpp\Raster_graphics_editor\Raster_graphics_editor.exe: main()

--------------------------------------------------
Developed with:

The Dumb Artist Library (TX Library)
TXLib [Ver: 00173a, Rev: 168, Date: 2020-08-13 00:46:05 +0400]
Copyright (C) Ded (Ilya Dedinsky, http://txlib.ru) <mail@txlib.ru>
See license on: http://txlib.ru

TXLib file:	D:\TX\TxLib.h
Compiled:	Dec 12 2020 12:43:18, GNU g++ 4.8.5, std=201103L, MinGW Runtime 3.11, 32-bit, Debug
Started:	Dec 12 2020 12:43:22

Run file:	D:\Cpp\Raster_graphics_editor\Raster_graphics_editor.exe
Directory:	D:\Cpp\Raster_graphics_editor

--------------------------------------------------

--------------------------------------------------
TXLib предупреждает:

Программа: D:\Cpp\Raster_graphics_editor\Raster_graphics_editor.exe,

ВНЕЗАПНО: Нарушение доступа к памяти.

#1: Исключение EXCEPTION_ACCESS_VIOLATION (0xC0000005) при выполнении кода по адресу 0x454C4946. Попытка прочесть данные по адресу 0x454C4946. Спасибо _txVectoredExceptionHandler(), что сообщил. Люблю его <3

#1: TXLib [Ver: 00173a, Rev: 168, Date: 2020-08-13 00:46:05 +0400], Instance: 0x0044439C (32-bit), Flags: CMdRe0, Thread: 0xD70 (Main). 

--------------------------------------------------
Стек вызовов:

# 2 0x004223F5 in D:\Cpp\Raster_graphics_editor\Raster_graphics_editor.exe: ClDrawingFrame::MouseClick()
# 3 0x00421E9C in D:\Cpp\Raster_graphics_editor\Raster_graphics_editor.exe: ClApplication::Start_Program()
# 4 0x0041D0EE in D:\Cpp\Raster_graphics_editor\Raster_graphics_editor.exe: main()

--------------------------------------------------
Developed with:

The Dumb Artist Library (TX Library)
TXLib [Ver: 00173a, Rev: 168, Date: 2020-08-13 00:46:05 +0400]
Copyright (C) Ded (Ilya Dedinsky, http://txlib.ru) <mail@txlib.ru>
See license on: http://txlib.ru

TXLib file:	D:\TX\TxLib.h
Compiled:	Dec 12 2020 12:43:39, GNU g++ 4.8.5, std=201103L, MinGW Runtime 3.11, 32-bit, Debug
Started:	Dec 12 2020 12:43:42

Run file:	D:\Cpp\Raster_graphics_editor\Raster_graphics_editor.exe
Directory:	D:\Cpp\Raster_graphics_editor

--------------------------------------------------

--------------------------------------------------
TXLib соболезнует...

Программа: D:\Cpp\Raster_graphics_editor\Raster_graphics_editor.exe,

ВНЕЗАПНО: signal (11, 0x00): SIGSEGV: Доступ по неверному указателю. Ставьте ассерты! 

Нарушение доступа к памяти.

#1: Исключение EXCEPTION_ACCESS_VIOLATION (0xC0000005) при выполнении кода по адресу 0x454C4946. Попытка прочесть данные по адресу 0x454C4946. Спасибо _txVectoredExceptionHandler(), что сообщил. Люблю его <3

С помощью функции signal() вы можете сами обработать эту ошибку.

#2: TXLib [Ver: 00173a, Rev: 168, Date: 2020-08-13 00:46:05 +0400], Instance: 0x0044439C (32-bit), Flags: CMdRe0, Thread: 0xD70 (Main). 

--------------------------------------------------
Стек вызовов:

# 2 0x004223F5 in D:\Cpp\Raster_graphics_editor\Raster_graphics_editor.exe: ClDrawingFrame::MouseClick()
# 3 0x00421E9C in D:\Cpp\Raster_graphics_editor\Raster_graphics_editor.exe: ClApplication::Start_Program()
# 4 0x0041D0EE in D:\Cpp\Raster_graphics_editor\Raster_graphics_editor.exe: main()

--------------------------------------------------
Developed with:

The Dumb Artist Library (TX Library)
TXLib [Ver: 00173a, Rev: 168, Date: 2020-08-13 00:46:05 +0400]
Copyright (C) Ded (Ilya Dedinsky, http://txlib.ru) <mail@txlib.ru>
See license on: http://txlib.ru

TXLib file:	D:\TX\TxLib.h
Compiled:	Dec 12 2020 12:43:39, GNU g++ 4.8.5, std=201103L, MinGW Runtime 3.11, 32-bit, Debug
Started:	Dec 12 2020 12:43:42

Run file:	D:\Cpp\Raster_graphics_editor\Raster_graphics_editor.exe
Directory:	D:\Cpp\Raster_graphics_editor

--------------------------------------------------

--------------------------------------------------
TXLib предупреждает:

Программа: D:\Cpp\Raster_graphics_editor\Raster_graphics_editor.exe,

ВНЕЗАПНО: Нарушение доступа к памяти.

#1: Исключение EXCEPTION_ACCESS_VIOLATION (0xC0000005) при выполнении кода по адресу 0x74696465. Попытка прочесть данные по адресу 0x74696465. Спасибо _txVectoredExceptionHandler(), что сообщил. Люблю его <3

#1: TXLib [Ver: 00173a, Rev: 168, Date: 2020-08-13 00:46:05 +0400], Instance: 0x0044439C (32-bit), Flags: CMdRe0, Thread: 0x6CC (Main). 

--------------------------------------------------
Стек вызовов:

# 2 0x0041D0EE in D:\Cpp\Raster_graphics_editor\Raster_graphics_editor.exe: main()

--------------------------------------------------
Developed with:

The Dumb Artist Library (TX Library)
TXLib [Ver: 00173a, Rev: 168, Date: 2020-08-13 00:46:05 +0400]
Copyright (C) Ded (Ilya Dedinsky, http://txlib.ru) <mail@txlib.ru>
See license on: http://txlib.ru

TXLib file:	D:\TX\TxLib.h
Compiled:	Dec 12 2020 13:06:51, GNU g++ 4.8.5, std=201103L, MinGW Runtime 3.11, 32-bit, Debug
Started:	Dec 12 2020 13:06:55

Run file:	D:\Cpp\Raster_graphics_editor\Raster_graphics_editor.exe
Directory:	D:\Cpp\Raster_graphics_editor

--------------------------------------------------

--------------------------------------------------
TXLib соболезнует...

Программа: D:\Cpp\Raster_graphics_editor\Raster_graphics_editor.exe,

ВНЕЗАПНО: signal (11, 0x00): SIGSEGV: Доступ по неверному указателю. Ставьте ассерты! 

Нарушение доступа к памяти.

#1: Исключение EXCEPTION_ACCESS_VIOLATION (0xC0000005) при выполнении кода по адресу 0x74696465. Попытка прочесть данные по адресу 0x74696465. Спасибо _txVectoredExceptionHandler(), что сообщил. Люблю его <3

С помощью функции signal() вы можете сами обработать эту ошибку.

#2: TXLib [Ver: 00173a, Rev: 168, Date: 2020-08-13 00:46:05 +0400], Instance: 0x0044439C (32-bit), Flags: CMdRe0, Thread: 0x6CC (Main). 

--------------------------------------------------
Стек вызовов:

# 2 0x0041D0EE in D:\Cpp\Raster_graphics_editor\Raster_graphics_editor.exe: main()

--------------------------------------------------
Developed with:

The Dumb Artist Library (TX Library)
TXLib [Ver: 00173a, Rev: 168, Date: 2020-08-13 00:46:05 +0400]
Copyright (C) Ded (Ilya Dedinsky, http://txlib.ru) <mail@txlib.ru>
See license on: http://txlib.ru

TXLib file:	D:\TX\TxLib.h
Compiled:	Dec 12 2020 13:06:51, GNU g++ 4.8.5, std=201103L, MinGW Runtime 3.11, 32-bit, Debug
Started:	Dec 12 2020 13:06:55

Run file:	D:\Cpp\Raster_graphics_editor\Raster_graphics_editor.exe
Directory:	D:\Cpp\Raster_graphics_editor

--------------------------------------------------

--------------------------------------------------
TXLib предупреждает:

Программа: D:\Cpp\Raster_graphics_editor\Raster_graphics_editor.exe,

ВНЕЗАПНО: Нарушение доступа к памяти.

#1: Исключение EXCEPTION_ACCESS_VIOLATION (0xC0000005) при выполнении кода по адресу 0x74696465. Попытка прочесть данные по адресу 0x74696465. Спасибо _txVectoredExceptionHandler(), что сообщил. Люблю его <3

#1: TXLib [Ver: 00173a, Rev: 168, Date: 2020-08-13 00:46:05 +0400], Instance: 0x0044439C (32-bit), Flags: CMdRe0, Thread: 0x3414 (Main). 

--------------------------------------------------
Стек вызовов:

# 2 0x0041D0EE in D:\Cpp\Raster_graphics_editor\Raster_graphics_editor.exe: main()

--------------------------------------------------
Developed with:

The Dumb Artist Library (TX Library)
TXLib [Ver: 00173a, Rev: 168, Date: 2020-08-13 00:46:05 +0400]
Copyright (C) Ded (Ilya Dedinsky, http://txlib.ru) <mail@txlib.ru>
See license on: http://txlib.ru

TXLib file:	D:\TX\TxLib.h
Compiled:	Dec 12 2020 13:07:09, GNU g++ 4.8.5, std=201103L, MinGW Runtime 3.11, 32-bit, Debug
Started:	Dec 12 2020 13:07:13

Run file:	D:\Cpp\Raster_graphics_editor\Raster_graphics_editor.exe
Directory:	D:\Cpp\Raster_graphics_editor

--------------------------------------------------

--------------------------------------------------
TXLib соболезнует...

Программа: D:\Cpp\Raster_graphics_editor\Raster_graphics_editor.exe,

ВНЕЗАПНО: signal (11, 0x00): SIGSEGV: Доступ по неверному указателю. Ставьте ассерты! 

Нарушение доступа к памяти.

#1: Исключение EXCEPTION_ACCESS_VIOLATION (0xC0000005) при выполнении кода по адресу 0x74696465. Попытка прочесть данные по адресу 0x74696465. Спасибо _txVectoredExceptionHandler(), что сообщил. Люблю его <3

С помощью функции signal() вы можете сами обработать эту ошибку.

#2: TXLib [Ver: 00173a, Rev: 168, Date: 2020-08-13 00:46:05 +0400], Instance: 0x0044439C (32-bit), Flags: CMdRe0, Thread: 0x3414 (Main). 

--------------------------------------------------
Стек вызовов:

# 2 0x0041D0EE in D:\Cpp\Raster_graphics_editor\Raster_graphics_editor.exe: main()

--------------------------------------------------
Developed with:

The Dumb Artist Library (TX Library)
TXLib [Ver: 00173a, Rev: 168, Date: 2020-08-13 00:46:05 +0400]
Copyright (C) Ded (Ilya Dedinsky, http://txlib.ru) <mail@txlib.ru>
See license on: http://txlib.ru

TXLib file:	D:\TX\TxLib.h
Compiled:	Dec 12 2020 13:07:09, GNU g++ 4.8.5, std=201103L, MinGW Runtime 3.11, 32-bit, Debug
Started:	Dec 12 2020 13:07:13

Run file:	D:\Cpp\Raster_graphics_editor\Raster_graphics_editor.exe
Directory:	D:\Cpp\Raster_graphics_editor

--------------------------------------------------

--------------------------------------------------
TXLib предупреждает:

Программа: D:\Cpp\Raster_graphics_editor\Raster_graphics_editor.exe,

ВНЕЗАПНО: Нарушение доступа к памяти.

#1: Исключение EXCEPTION_ACCESS_VIOLATION (0xC0000005) при выполнении кода по адресу 0x74696465. Попытка прочесть данные по адресу 0x74696465. Спасибо _txVectoredExceptionHandler(), что сообщил. Люблю его <3

#1: TXLib [Ver: 00173a, Rev: 168, Date: 2020-08-13 00:46:05 +0400], Instance: 0x0044439C (32-bit), Flags: CMdRe0, Thread: 0x1F48 (Main). 

--------------------------------------------------
Стек вызовов:

# 2 0x0041D0EE in D:\Cpp\Raster_graphics_editor\Raster_graphics_editor.exe: main()

--------------------------------------------------
Developed with:

The Dumb Artist Library (TX Library)
TXLib [Ver: 00173a, Rev: 168, Date: 2020-08-13 00:46:05 +0400]
Copyright (C) Ded (Ilya Dedinsky, http://txlib.ru) <mail@txlib.ru>
See license on: http://txlib.ru

TXLib file:	D:\TX\TxLib.h
Compiled:	Dec 12 2020 13:07:09, GNU g++ 4.8.5, std=201103L, MinGW Runtime 3.11, 32-bit, Debug
Started:	Dec 12 2020 13:15:55

Run file:	D:\Cpp\Raster_graphics_editor\Raster_graphics_editor.exe
Directory:	D:\Cpp\Raster_graphics_editor

--------------------------------------------------

--------------------------------------------------
TXLib соболезнует...

Программа: D:\Cpp\Raster_graphics_editor\Raster_graphics_editor.exe,

ВНЕЗАПНО: signal (11, 0x00): SIGSEGV: Доступ по неверному указателю. Ставьте ассерты! 

Нарушение доступа к памяти.

#1: Исключение EXCEPTION_ACCESS_VIOLATION (0xC0000005) при выполнении кода по адресу 0x74696465. Попытка прочесть данные по адресу 0x74696465. Спасибо _txVectoredExceptionHandler(), что сообщил. Люблю его <3

С помощью функции signal() вы можете сами обработать эту ошибку.

#2: TXLib [Ver: 00173a, Rev: 168, Date: 2020-08-13 00:46:05 +0400], Instance: 0x0044439C (32-bit), Flags: CMdRe0, Thread: 0x1F48 (Main). 

--------------------------------------------------
Стек вызовов:

# 2 0x0041D0EE in D:\Cpp\Raster_graphics_editor\Raster_graphics_editor.exe: main()

--------------------------------------------------
Developed with:

The Dumb Artist Library (TX Library)
TXLib [Ver: 00173a, Rev: 168, Date: 2020-08-13 00:46:05 +0400]
Copyright (C) Ded (Ilya Dedinsky, http://txlib.ru) <mail@txlib.ru>
See license on: http://txlib.ru

TXLib file:	D:\TX\TxLib.h
Compiled:	Dec 12 2020 13:07:09, GNU g++ 4.8.5, std=201103L, MinGW Runtime 3.11, 32-bit, Debug
Started:	Dec 12 2020 13:15:55

Run file:	D:\Cpp\Raster_graphics_editor\Raster_graphics_editor.exe
Directory:	D:\Cpp\Raster_graphics_editor

--------------------------------------------------

--------------------------------------------------
TXLib предупреждает:

Программа: D:\Cpp\Raster_graphics_editor\Raster_graphics_editor.exe,

ВНЕЗАПНО: Нарушение доступа к памяти.

#1: Исключение EXCEPTION_ACCESS_VIOLATION (0xC0000005) при выполнении кода по адресу 0x454C4946. Попытка прочесть данные по адресу 0x454C4946. Спасибо _txVectoredExceptionHandler(), что сообщил. Люблю его <3

#1: TXLib [Ver: 00173a, Rev: 168, Date: 2020-08-13 00:46:05 +0400], Instance: 0x0044439C (32-bit), Flags: CMdRe0, Thread: 0x1520 (Main). 

--------------------------------------------------
Стек вызовов:

# 2 0x004223E5 in D:\Cpp\Raster_graphics_editor\Raster_graphics_editor.exe: ClDrawingFrame::MouseClick()
# 3 0x00421E8B in D:\Cpp\Raster_graphics_editor\Raster_graphics_editor.exe: ClApplication::Start_Program()
# 4 0x0041D0EE in D:\Cpp\Raster_graphics_editor\Raster_graphics_editor.exe: main()

--------------------------------------------------
Developed with:

The Dumb Artist Library (TX Library)
TXLib [Ver: 00173a, Rev: 168, Date: 2020-08-13 00:46:05 +0400]
Copyright (C) Ded (Ilya Dedinsky, http://txlib.ru) <mail@txlib.ru>
See license on: http://txlib.ru

TXLib file:	D:\TX\TxLib.h
Compiled:	Dec 12 2020 13:16:00, GNU g++ 4.8.5, std=201103L, MinGW Runtime 3.11, 32-bit, Debug
Started:	Dec 12 2020 13:16:04

Run file:	D:\Cpp\Raster_graphics_editor\Raster_graphics_editor.exe
Directory:	D:\Cpp\Raster_graphics_editor

--------------------------------------------------

--------------------------------------------------
TXLib соболезнует...

Программа: D:\Cpp\Raster_graphics_editor\Raster_graphics_editor.exe,

ВНЕЗАПНО: signal (11, 0x00): SIGSEGV: Доступ по неверному указателю. Ставьте ассерты! 

Нарушение доступа к памяти.

#1: Исключение EXCEPTION_ACCESS_VIOLATION (0xC0000005) при выполнении кода по адресу 0x454C4946. Попытка прочесть данные по адресу 0x454C4946. Спасибо _txVectoredExceptionHandler(), что сообщил. Люблю его <3

С помощью функции signal() вы можете сами обработать эту ошибку.

#2: TXLib [Ver: 00173a, Rev: 168, Date: 2020-08-13 00:46:05 +0400], Instance: 0x0044439C (32-bit), Flags: CMdRe0, Thread: 0x1520 (Main). 

--------------------------------------------------
Стек вызовов:

# 2 0x004223E5 in D:\Cpp\Raster_graphics_editor\Raster_graphics_editor.exe: ClDrawingFrame::MouseClick()
# 3 0x00421E8B in D:\Cpp\Raster_graphics_editor\Raster_graphics_editor.exe: ClApplication::Start_Program()
# 4 0x0041D0EE in D:\Cpp\Raster_graphics_editor\Raster_graphics_editor.exe: main()

--------------------------------------------------
Developed with:

The Dumb Artist Library (TX Library)
TXLib [Ver: 00173a, Rev: 168, Date: 2020-08-13 00:46:05 +0400]
Copyright (C) Ded (Ilya Dedinsky, http://txlib.ru) <mail@txlib.ru>
See license on: http://txlib.ru

TXLib file:	D:\TX\TxLib.h
Compiled:	Dec 12 2020 13:16:00, GNU g++ 4.8.5, std=201103L, MinGW Runtime 3.11, 32-bit, Debug
Started:	Dec 12 2020 13:16:04

Run file:	D:\Cpp\Raster_graphics_editor\Raster_graphics_editor.exe
Directory:	D:\Cpp\Raster_graphics_editor

--------------------------------------------------

--------------------------------------------------
TXLib предупреждает:

Программа: D:\Cpp\Raster_graphics_editor\Raster_graphics_editor.exe,

ВНЕЗАПНО: Нарушение доступа к памяти.

#1: Исключение EXCEPTION_ACCESS_VIOLATION (0xC0000005) при выполнении кода по адресу 0x74696465. Попытка прочесть данные по адресу 0x74696465. Спасибо _txVectoredExceptionHandler(), что сообщил. Люблю его <3

#1: TXLib [Ver: 00173a, Rev: 168, Date: 2020-08-13 00:46:05 +0400], Instance: 0x0044439C (32-bit), Flags: CMdRe0, Thread: 0x2BE0 (Main). 

--------------------------------------------------
Стек вызовов:

# 2 0x0041D0EE in D:\Cpp\Raster_graphics_editor\Raster_graphics_editor.exe: main()

--------------------------------------------------
Developed with:

The Dumb Artist Library (TX Library)
TXLib [Ver: 00173a, Rev: 168, Date: 2020-08-13 00:46:05 +0400]
Copyright (C) Ded (Ilya Dedinsky, http://txlib.ru) <mail@txlib.ru>
See license on: http://txlib.ru

TXLib file:	D:\TX\TxLib.h
Compiled:	Dec 12 2020 13:16:16, GNU g++ 4.8.5, std=201103L, MinGW Runtime 3.11, 32-bit, Debug
Started:	Dec 12 2020 13:16:19

Run file:	D:\Cpp\Raster_graphics_editor\Raster_graphics_editor.exe
Directory:	D:\Cpp\Raster_graphics_editor

--------------------------------------------------

--------------------------------------------------
TXLib соболезнует...

Программа: D:\Cpp\Raster_graphics_editor\Raster_graphics_editor.exe,

ВНЕЗАПНО: signal (11, 0x00): SIGSEGV: Доступ по неверному указателю. Ставьте ассерты! 

Нарушение доступа к памяти.

#1: Исключение EXCEPTION_ACCESS_VIOLATION (0xC0000005) при выполнении кода по адресу 0x74696465. Попытка прочесть данные по адресу 0x74696465. Спасибо _txVectoredExceptionHandler(), что сообщил. Люблю его <3

С помощью функции signal() вы можете сами обработать эту ошибку.

#2: TXLib [Ver: 00173a, Rev: 168, Date: 2020-08-13 00:46:05 +0400], Instance: 0x0044439C (32-bit), Flags: CMdRe0, Thread: 0x2BE0 (Main). 

--------------------------------------------------
Стек вызовов:

# 2 0x0041D0EE in D:\Cpp\Raster_graphics_editor\Raster_graphics_editor.exe: main()

--------------------------------------------------
Developed with:

The Dumb Artist Library (TX Library)
TXLib [Ver: 00173a, Rev: 168, Date: 2020-08-13 00:46:05 +0400]
Copyright (C) Ded (Ilya Dedinsky, http://txlib.ru) <mail@txlib.ru>
See license on: http://txlib.ru

TXLib file:	D:\TX\TxLib.h
Compiled:	Dec 12 2020 13:16:16, GNU g++ 4.8.5, std=201103L, MinGW Runtime 3.11, 32-bit, Debug
Started:	Dec 12 2020 13:16:19

Run file:	D:\Cpp\Raster_graphics_editor\Raster_graphics_editor.exe
Directory:	D:\Cpp\Raster_graphics_editor

--------------------------------------------------

--------------------------------------------------
TXLib предупреждает:

Программа: D:\Cpp\Raster_graphics_editor\Raster_graphics_editor.exe,

ВНЕЗАПНО: Нарушение доступа к памяти.

#1: Исключение EXCEPTION_ACCESS_VIOLATION (0xC0000005) при выполнении кода по адресу 0x74696465. Попытка прочесть данные по адресу 0x74696465. Спасибо _txVectoredExceptionHandler(), что сообщил. Люблю его <3

#1: TXLib [Ver: 00173a, Rev: 168, Date: 2020-08-13 00:46:05 +0400], Instance: 0x0044439C (32-bit), Flags: CMdRe0, Thread: 0x3158 (Main). 

--------------------------------------------------
Стек вызовов:

# 2 0x0041D0EE in D:\Cpp\Raster_graphics_editor\Raster_graphics_editor.exe: main()

--------------------------------------------------
Developed with:

The Dumb Artist Library (TX Library)
TXLib [Ver: 00173a, Rev: 168, Date: 2020-08-13 00:46:05 +0400]
Copyright (C) Ded (Ilya Dedinsky, http://txlib.ru) <mail@txlib.ru>
See license on: http://txlib.ru

TXLib file:	D:\TX\TxLib.h
Compiled:	Dec 12 2020 13:16:44, GNU g++ 4.8.5, std=201103L, MinGW Runtime 3.11, 32-bit, Debug
Started:	Dec 12 2020 13:16:48

Run file:	D:\Cpp\Raster_graphics_editor\Raster_graphics_editor.exe
Directory:	D:\Cpp\Raster_graphics_editor

--------------------------------------------------

--------------------------------------------------
TXLib соболезнует...

Программа: D:\Cpp\Raster_graphics_editor\Raster_graphics_editor.exe,

ВНЕЗАПНО: signal (11, 0x00): SIGSEGV: Доступ по неверному указателю. Ставьте ассерты! 

Нарушение доступа к памяти.

#1: Исключение EXCEPTION_ACCESS_VIOLATION (0xC0000005) при выполнении кода по адресу 0x74696465. Попытка прочесть данные по адресу 0x74696465. Спасибо _txVectoredExceptionHandler(), что сообщил. Люблю его <3

С помощью функции signal() вы можете сами обработать эту ошибку.

#2: TXLib [Ver: 00173a, Rev: 168, Date: 2020-08-13 00:46:05 +0400], Instance: 0x0044439C (32-bit), Flags: CMdRe0, Thread: 0x3158 (Main). 

--------------------------------------------------
Стек вызовов:

# 2 0x0041D0EE in D:\Cpp\Raster_graphics_editor\Raster_graphics_editor.exe: main()

--------------------------------------------------
Developed with:

The Dumb Artist Library (TX Library)
TXLib [Ver: 00173a, Rev: 168, Date: 2020-08-13 00:46:05 +0400]
Copyright (C) Ded (Ilya Dedinsky, http://txlib.ru) <mail@txlib.ru>
See license on: http://txlib.ru

TXLib file:	D:\TX\TxLib.h
Compiled:	Dec 12 2020 13:16:44, GNU g++ 4.8.5, std=201103L, MinGW Runtime 3.11, 32-bit, Debug
Started:	Dec 12 2020 13:16:47

Run file:	D:\Cpp\Raster_graphics_editor\Raster_graphics_editor.exe
Directory:	D:\Cpp\Raster_graphics_editor

--------------------------------------------------

--------------------------------------------------
TXLib предупреждает:

Программа: D:\Cpp\Raster_graphics_editor\Raster_graphics_editor.exe,

ВНЕЗАПНО: Нарушение доступа к памяти.

#1: Исключение EXCEPTION_ACCESS_VIOLATION (0xC0000005) при выполнении кода по адресу 0x74696465. Попытка прочесть данные по адресу 0x74696465. Спасибо _txVectoredExceptionHandler(), что сообщил. Люблю его <3

#1: TXLib [Ver: 00173a, Rev: 168, Date: 2020-08-13 00:46:05 +0400], Instance: 0x0044439C (32-bit), Flags: CMdRe0, Thread: 0x2CD0 (Main). 

--------------------------------------------------
Стек вызовов:

# 2 0x0041D0EE in D:\Cpp\Raster_graphics_editor\Raster_graphics_editor.exe: main()

--------------------------------------------------
Developed with:

The Dumb Artist Library (TX Library)
TXLib [Ver: 00173a, Rev: 168, Date: 2020-08-13 00:46:05 +0400]
Copyright (C) Ded (Ilya Dedinsky, http://txlib.ru) <mail@txlib.ru>
See license on: http://txlib.ru

TXLib file:	D:\TX\TxLib.h
Compiled:	Dec 12 2020 13:19:30, GNU g++ 4.8.5, std=201103L, MinGW Runtime 3.11, 32-bit, Debug
Started:	Dec 12 2020 13:19:33

Run file:	D:\Cpp\Raster_graphics_editor\Raster_graphics_editor.exe
Directory:	D:\Cpp\Raster_graphics_editor

--------------------------------------------------

--------------------------------------------------
TXLib соболезнует...

Программа: D:\Cpp\Raster_graphics_editor\Raster_graphics_editor.exe,

ВНЕЗАПНО: signal (11, 0x00): SIGSEGV: Доступ по неверному указателю. Ставьте ассерты! 

Нарушение доступа к памяти.

#1: Исключение EXCEPTION_ACCESS_VIOLATION (0xC0000005) при выполнении кода по адресу 0x74696465. Попытка прочесть данные по адресу 0x74696465. Спасибо _txVectoredExceptionHandler(), что сообщил. Люблю его <3

С помощью функции signal() вы можете сами обработать эту ошибку.

#2: TXLib [Ver: 00173a, Rev: 168, Date: 2020-08-13 00:46:05 +0400], Instance: 0x0044439C (32-bit), Flags: CMdRe0, Thread: 0x2CD0 (Main). 

--------------------------------------------------
Стек вызовов:

# 2 0x0041D0EE in D:\Cpp\Raster_graphics_editor\Raster_graphics_editor.exe: main()

--------------------------------------------------
Developed with:

The Dumb Artist Library (TX Library)
TXLib [Ver: 00173a, Rev: 168, Date: 2020-08-13 00:46:05 +0400]
Copyright (C) Ded (Ilya Dedinsky, http://txlib.ru) <mail@txlib.ru>
See license on: http://txlib.ru

TXLib file:	D:\TX\TxLib.h
Compiled:	Dec 12 2020 13:19:30, GNU g++ 4.8.5, std=201103L, MinGW Runtime 3.11, 32-bit, Debug
Started:	Dec 12 2020 13:19:33

Run file:	D:\Cpp\Raster_graphics_editor\Raster_graphics_editor.exe
Directory:	D:\Cpp\Raster_graphics_editor

--------------------------------------------------

--------------------------------------------------
TXLib предупреждает:

Программа: D:\Cpp\Raster_graphics_editor\Raster_graphics_editor.exe,

ВНЕЗАПНО: Нарушение доступа к памяти.

#1: Исключение EXCEPTION_ACCESS_VIOLATION (0xC0000005) при выполнении кода по адресу 0x74696465. Попытка прочесть данные по адресу 0x74696465. Спасибо _txVectoredExceptionHandler(), что сообщил. Люблю его <3

#1: TXLib [Ver: 00173a, Rev: 168, Date: 2020-08-13 00:46:05 +0400], Instance: 0x0044439C (32-bit), Flags: CMdRe0, Thread: 0xA34 (Main). 

--------------------------------------------------
Стек вызовов:

# 2 0x0041D0EE in D:\Cpp\Raster_graphics_editor\Raster_graphics_editor.exe: main()

--------------------------------------------------
Developed with:

The Dumb Artist Library (TX Library)
TXLib [Ver: 00173a, Rev: 168, Date: 2020-08-13 00:46:05 +0400]
Copyright (C) Ded (Ilya Dedinsky, http://txlib.ru) <mail@txlib.ru>
See license on: http://txlib.ru

TXLib file:	D:\TX\TxLib.h
Compiled:	Dec 12 2020 13:22:43, GNU g++ 4.8.5, std=201103L, MinGW Runtime 3.11, 32-bit, Debug
Started:	Dec 12 2020 13:22:47

Run file:	D:\Cpp\Raster_graphics_editor\Raster_graphics_editor.exe
Directory:	D:\Cpp\Raster_graphics_editor

--------------------------------------------------

--------------------------------------------------
TXLib соболезнует...

Программа: D:\Cpp\Raster_graphics_editor\Raster_graphics_editor.exe,

ВНЕЗАПНО: signal (11, 0x00): SIGSEGV: Доступ по неверному указателю. Ставьте ассерты! 

Нарушение доступа к памяти.

#1: Исключение EXCEPTION_ACCESS_VIOLATION (0xC0000005) при выполнении кода по адресу 0x74696465. Попытка прочесть данные по адресу 0x74696465. Спасибо _txVectoredExceptionHandler(), что сообщил. Люблю его <3

С помощью функции signal() вы можете сами обработать эту ошибку.

#2: TXLib [Ver: 00173a, Rev: 168, Date: 2020-08-13 00:46:05 +0400], Instance: 0x0044439C (32-bit), Flags: CMdRe0, Thread: 0xA34 (Main). 

--------------------------------------------------
Стек вызовов:

# 2 0x0041D0EE in D:\Cpp\Raster_graphics_editor\Raster_graphics_editor.exe: main()

--------------------------------------------------
Developed with:

The Dumb Artist Library (TX Library)
TXLib [Ver: 00173a, Rev: 168, Date: 2020-08-13 00:46:05 +0400]
Copyright (C) Ded (Ilya Dedinsky, http://txlib.ru) <mail@txlib.ru>
See license on: http://txlib.ru

TXLib file:	D:\TX\TxLib.h
Compiled:	Dec 12 2020 13:22:43, GNU g++ 4.8.5, std=201103L, MinGW Runtime 3.11, 32-bit, Debug
Started:	Dec 12 2020 13:22:47

Run file:	D:\Cpp\Raster_graphics_editor\Raster_graphics_editor.exe
Directory:	D:\Cpp\Raster_graphics_editor

--------------------------------------------------
